=== RUN   Test2
09:38:55.947937 [0] listening at [::]:56686
09:38:55.950760 [1] listening at [::]:56687
09:38:55.952978 [2] listening at [::]:56688
09:38:55.954583 [3] listening at [::]:56689
09:38:55.956689 [4] listening at [::]:56690
09:38:56.002429 AT NODE 1: Election timer started: 3.172s, with term=0
09:38:56.002429 AT NODE 3: Election timer started: 4.002s, with term=0
09:38:56.002429 AT NODE 0: Election timer started: 3.89s, with term=0
09:38:56.002429 AT NODE 2: Election timer started: 5.283s, with term=0
09:38:56.002429 AT NODE 4: Election timer started: 4.365s, with term=0
09:38:59.210460 AT NODE 1: became Candidate with term=1;
09:38:59.210460 AT NODE 1: Election timer started: 4.37s, with term=1
09:38:59.210460 AT NODE 1: sending RequestVote to 2: {Term:1 CandidateId:1 LastLogIndex:-1 LastLogTerm:-1 Latency:299}
09:38:59.210460 AT NODE 1: sending RequestVote to 0: {Term:1 CandidateId:1 LastLogIndex:-1 LastLogTerm:-1 Latency:320}
09:38:59.210460 AT NODE 1: sending RequestVote to 4: {Term:1 CandidateId:1 LastLogIndex:-1 LastLogTerm:-1 Latency:104}
09:38:59.210460 AT NODE 1: sending RequestVote to 3: {Term:1 CandidateId:1 LastLogIndex:-1 LastLogTerm:-1 Latency:233}
09:38:59.336423 AT NODE 4: Received Vote Request from NODE 1; Args: {Term:1 CandidateId:1 LastLogIndex:-1 LastLogTerm:-1 Latency:104} [currentTerm=0, votedFor=-1, log index/term=(-1, -1)]
09:38:59.336423 AT NODE 4: became Follower with term=1; log=[]
09:38:59.336423 AT NODE 4: Sending Request Vote Reply: &{Term:1 VoteGranted:true CandidateId:0}
09:38:59.336423 AT NODE 4: Election timer started: 3.31s, with term=1
09:38:59.336423 AT NODE 1: received RequestVoteReply from 4: {Term:1 VoteGranted:true CandidateId:0}
09:38:59.478068 AT NODE 3: Received Vote Request from NODE 1; Args: {Term:1 CandidateId:1 LastLogIndex:-1 LastLogTerm:-1 Latency:233} [currentTerm=0, votedFor=-1, log index/term=(-1, -1)]
09:38:59.478068 AT NODE 3: became Follower with term=1; log=[]
09:38:59.478068 AT NODE 3: Sending Request Vote Reply: &{Term:1 VoteGranted:true CandidateId:0}
09:38:59.478068 AT NODE 3: Election timer started: 3.237s, with term=1
09:38:59.478068 AT NODE 1: received RequestVoteReply from 3: {Term:1 VoteGranted:true CandidateId:0}
09:38:59.478068 AT NODE 1: became Leader; term=1, nextIndex=map[0:0 2:0 3:0 4:0], matchIndex=map[0:-1 2:-1 3:-1 4:-1]; log=[]
09:38:59.540691 AT NODE 2: Received Vote Request from NODE 1; Args: {Term:1 CandidateId:1 LastLogIndex:-1 LastLogTerm:-1 Latency:299} [currentTerm=0, votedFor=-1, log index/term=(-1, -1)]
09:38:59.540691 AT NODE 2: became Follower with term=1; log=[]
09:38:59.540691 AT NODE 2: Sending Request Vote Reply: &{Term:1 VoteGranted:true CandidateId:0}
09:38:59.540691 AT NODE 2: Election timer started: 3.99s, with term=1
09:38:59.540691 AT NODE 1: received RequestVoteReply from 2: {Term:1 VoteGranted:true CandidateId:0}
09:38:59.540691 AT NODE 1: State changed from Candidate to Leader
09:38:59.556266 AT NODE 0: Received Vote Request from NODE 1; Args: {Term:1 CandidateId:1 LastLogIndex:-1 LastLogTerm:-1 Latency:320} [currentTerm=0, votedFor=-1, log index/term=(-1, -1)]
09:38:59.556266 AT NODE 0: became Follower with term=1; log=[]
09:38:59.556266 AT NODE 0: Sending Request Vote Reply: &{Term:1 VoteGranted:true CandidateId:0}
09:38:59.556266 AT NODE 0: Election timer started: 4.027s, with term=1
09:38:59.556266 AT NODE 1: received RequestVoteReply from 0: {Term:1 VoteGranted:true CandidateId:0}
09:38:59.556266 AT NODE 1: State changed from Candidate to Leader
09:38:59.777749 AT NODE 1: ReceiveClientCommand received by Leader: Set X = 5
09:38:59.777749 AT NODE 1: Log=[{Set X = 5 1}]
09:38:59.777749 AT NODE 1: ReceiveClientCommand received by Leader: Set X = 1000
09:38:59.777749 AT NODE 1: Log=[{Set X = 5 1} {Set X = 1000 1}]
09:39:00.484670 AT NODE 1: sending AppendEntries to 0: currentPeer_nextIndex=0, args={Term:1 LeaderId:1 PrevLogIndex:-1 PrevLogTerm:-1 Entries:[{Command:Set X = 5 Term:1} {Command:Set X = 1000 Term:1}] LeaderCommit:-1 Latency:100}
09:39:00.484670 AT NODE 1: sending AppendEntries to 2: currentPeer_nextIndex=0, args={Term:1 LeaderId:1 PrevLogIndex:-1 PrevLogTerm:-1 Entries:[{Command:Set X = 5 Term:1} {Command:Set X = 1000 Term:1}] LeaderCommit:-1 Latency:323}
09:39:00.484670 AT NODE 1: sending AppendEntries to 3: currentPeer_nextIndex=0, args={Term:1 LeaderId:1 PrevLogIndex:-1 PrevLogTerm:-1 Entries:[{Command:Set X = 5 Term:1} {Command:Set X = 1000 Term:1}] LeaderCommit:-1 Latency:174}
09:39:00.484670 AT NODE 1: sending AppendEntries to 4: currentPeer_nextIndex=0, args={Term:1 LeaderId:1 PrevLogIndex:-1 PrevLogTerm:-1 Entries:[{Command:Set X = 5 Term:1} {Command:Set X = 1000 Term:1}] LeaderCommit:-1 Latency:210}
09:39:00.611049 AT NODE 0: Received AppendEntries from NODE 1; args: {Term:1 LeaderId:1 PrevLogIndex:-1 PrevLogTerm:-1 Entries:[{Command:Set X = 5 Term:1} {Command:Set X = 1000 Term:1}] LeaderCommit:-1 Latency:100}
09:39:00.611049 AT NODE 0: Log is now: [{Set X = 5 1} {Set X = 1000 1}]
09:39:00.611049 AT NODE 0: Sending AppendEntries reply: {Term:1 Success:true}
09:39:00.611049 AT NODE 1: AppendEntries reply from NODE 0 success: nextIndex := map[0:2 2:0 3:0 4:0], matchIndex := map[0:1 2:-1 3:-1 4:-1]
09:39:00.695294 AT NODE 3: Received AppendEntries from NODE 1; args: {Term:1 LeaderId:1 PrevLogIndex:-1 PrevLogTerm:-1 Entries:[{Command:Set X = 5 Term:1} {Command:Set X = 1000 Term:1}] LeaderCommit:-1 Latency:174}
09:39:00.695294 AT NODE 3: Log is now: [{Set X = 5 1} {Set X = 1000 1}]
09:39:00.695294 AT NODE 3: Sending AppendEntries reply: {Term:1 Success:true}
09:39:00.695294 AT NODE 1: AppendEntries reply from NODE 3 success: nextIndex := map[0:2 2:0 3:2 4:0], matchIndex := map[0:1 2:-1 3:1 4:-1]
09:39:00.695294 AT NODE 1: leader sets commitIndex := 1
09:39:00.722062 AT NODE 4: Received AppendEntries from NODE 1; args: {Term:1 LeaderId:1 PrevLogIndex:-1 PrevLogTerm:-1 Entries:[{Command:Set X = 5 Term:1} {Command:Set X = 1000 Term:1}] LeaderCommit:-1 Latency:210}
09:39:00.722062 AT NODE 4: Log is now: [{Set X = 5 1} {Set X = 1000 1}]
09:39:00.722062 AT NODE 4: Sending AppendEntries reply: {Term:1 Success:true}
09:39:00.722062 AT NODE 1: AppendEntries reply from NODE 4 success: nextIndex := map[0:2 2:0 3:2 4:2], matchIndex := map[0:1 2:-1 3:1 4:1]
09:39:00.834247 AT NODE 2: Received AppendEntries from NODE 1; args: {Term:1 LeaderId:1 PrevLogIndex:-1 PrevLogTerm:-1 Entries:[{Command:Set X = 5 Term:1} {Command:Set X = 1000 Term:1}] LeaderCommit:-1 Latency:323}
09:39:00.834247 AT NODE 2: Log is now: [{Set X = 5 1} {Set X = 1000 1}]
09:39:00.834247 AT NODE 2: Sending AppendEntries reply: {Term:1 Success:true}
09:39:00.834247 AT NODE 1: AppendEntries reply from NODE 2 success: nextIndex := map[0:2 2:2 3:2 4:2], matchIndex := map[0:1 2:1 3:1 4:1]
09:39:02.783678 [ACTION] Disconnecting 1
09:39:06.088034 AT NODE 3: became Candidate with term=2;
09:39:06.088034 AT NODE 3: Election timer started: 5.969s, with term=2
09:39:06.088034 AT NODE 3: sending RequestVote to 0: {Term:2 CandidateId:3 LastLogIndex:1 LastLogTerm:1 Latency:23}
09:39:06.088034 AT NODE 3: sending RequestVote to 2: {Term:2 CandidateId:3 LastLogIndex:1 LastLogTerm:1 Latency:427}
09:39:06.088034 AT NODE 3: sending RequestVote to 4: {Term:2 CandidateId:3 LastLogIndex:1 LastLogTerm:1 Latency:212}
09:39:06.088034 AT NODE 3: sending RequestVote to 1: {Term:2 CandidateId:3 LastLogIndex:1 LastLogTerm:1 Latency:384}
09:39:06.135551 AT NODE 0: Received Vote Request from NODE 3; Args: {Term:2 CandidateId:3 LastLogIndex:1 LastLogTerm:1 Latency:23} [currentTerm=1, votedFor=1, log index/term=(1, 1)]
09:39:06.135551 AT NODE 0: became Follower with term=2; log=[{Set X = 5 1} {Set X = 1000 1}]
09:39:06.135551 AT NODE 0: Sending Request Vote Reply: &{Term:2 VoteGranted:true CandidateId:0}
09:39:06.135551 AT NODE 0: Election timer started: 5.72s, with term=2
09:39:06.135551 AT NODE 3: received RequestVoteReply from 0: {Term:2 VoteGranted:true CandidateId:0}
09:39:06.325179 AT NODE 4: Received Vote Request from NODE 3; Args: {Term:2 CandidateId:3 LastLogIndex:1 LastLogTerm:1 Latency:212} [currentTerm=1, votedFor=1, log index/term=(1, 1)]
09:39:06.325179 AT NODE 4: became Follower with term=2; log=[{Set X = 5 1} {Set X = 1000 1}]
09:39:06.325179 AT NODE 4: Sending Request Vote Reply: &{Term:2 VoteGranted:true CandidateId:0}
09:39:06.325179 AT NODE 4: Election timer started: 5.557s, with term=2
09:39:06.325179 AT NODE 3: received RequestVoteReply from 4: {Term:2 VoteGranted:true CandidateId:0}
09:39:06.325179 AT NODE 3: became Leader; term=2, nextIndex=map[0:2 1:2 2:2 4:2], matchIndex=map[0:-1 1:-1 2:-1 4:-1]; log=[{Set X = 5 1} {Set X = 1000 1}]
09:39:06.405490 AT NODE 2: became Follower with term=2; log=[{Set X = 5 1} {Set X = 1000 1}]
09:39:06.405490 AT NODE 2: Election timer started: 4.717s, with term=2
09:39:06.550726 AT NODE 2: Received Vote Request from NODE 3; Args: {Term:2 CandidateId:3 LastLogIndex:1 LastLogTerm:1 Latency:427} [currentTerm=2, votedFor=-1, log index/term=(1, 1)]
09:39:06.550726 AT NODE 2: Sending Request Vote Reply: &{Term:2 VoteGranted:true CandidateId:0}
09:39:06.551843 AT NODE 3: received RequestVoteReply from 2: {Term:2 VoteGranted:true CandidateId:0}
09:39:06.551843 AT NODE 3: State changed from Candidate to Leader
09:39:06.583802 AT NODE 3: ReceiveClientCommand received by Leader: Set X = X+10
09:39:06.583802 AT NODE 3: Log=[{Set X = 5 1} {Set X = 1000 1} {Set X = X+10 2}]
09:39:06.583802 AT NODE 3: ReceiveClientCommand received by Leader: Set X = X+1
09:39:06.583802 AT NODE 3: Log=[{Set X = 5 1} {Set X = 1000 1} {Set X = X+10 2} {Set X = X+1 2}]
09:39:06.583802 AT NODE 3: ReceiveClientCommand received by Leader: Set Y = 5
09:39:06.583802 AT NODE 3: Log=[{Set X = 5 1} {Set X = 1000 1} {Set X = X+10 2} {Set X = X+1 2} {Set Y = 5 2}]
09:39:06.583802 AT NODE 3: ReceiveClientCommand received by Leader: Set Y = X+Y
09:39:06.583802 AT NODE 3: Log=[{Set X = 5 1} {Set X = 1000 1} {Set X = X+10 2} {Set X = X+1 2} {Set Y = 5 2} {Set Y = X+Y 2}]
09:39:06.583802 AT NODE 3: ReceiveClientCommand received by Leader: Set Y = Y+3
09:39:06.583802 AT NODE 3: Log=[{Set X = 5 1} {Set X = 1000 1} {Set X = X+10 2} {Set X = X+1 2} {Set Y = 5 2} {Set Y = X+Y 2} {Set Y = Y+3 2}]
09:39:06.583802 AT NODE 3: ReceiveClientCommand received by Leader: Set Z = -1
09:39:06.583802 AT NODE 3: Log=[{Set X = 5 1} {Set X = 1000 1} {Set X = X+10 2} {Set X = X+1 2} {Set Y = 5 2} {Set Y = X+Y 2} {Set Y = Y+3 2} {Set Z = -1 2}]
09:39:07.332259 AT NODE 3: sending AppendEntries to 0: currentPeer_nextIndex=2, args={Term:2 LeaderId:3 PrevLogIndex:1 PrevLogTerm:1 Entries:[{Command:Set X = X+10 Term:2} {Command:Set X = X+1 Term:2} {Command:Set Y = 5 Term:2} {Command:Set Y = X+Y Term:2} {Command:Set Y = Y+3 Term:2} {Command:Set Z = -1 Term:2}] LeaderCommit:1 Latency:91}
09:39:07.332259 AT NODE 3: sending AppendEntries to 1: currentPeer_nextIndex=2, args={Term:2 LeaderId:3 PrevLogIndex:1 PrevLogTerm:1 Entries:[{Command:Set X = X+10 Term:2} {Command:Set X = X+1 Term:2} {Command:Set Y = 5 Term:2} {Command:Set Y = X+Y Term:2} {Command:Set Y = Y+3 Term:2} {Command:Set Z = -1 Term:2}] LeaderCommit:1 Latency:172}
09:39:07.332259 AT NODE 3: sending AppendEntries to 4: currentPeer_nextIndex=2, args={Term:2 LeaderId:3 PrevLogIndex:1 PrevLogTerm:1 Entries:[{Command:Set X = X+10 Term:2} {Command:Set X = X+1 Term:2} {Command:Set Y = 5 Term:2} {Command:Set Y = X+Y Term:2} {Command:Set Y = Y+3 Term:2} {Command:Set Z = -1 Term:2}] LeaderCommit:1 Latency:424}
09:39:07.332259 AT NODE 3: sending AppendEntries to 2: currentPeer_nextIndex=2, args={Term:2 LeaderId:3 PrevLogIndex:1 PrevLogTerm:1 Entries:[{Command:Set X = X+10 Term:2} {Command:Set X = X+1 Term:2} {Command:Set Y = 5 Term:2} {Command:Set Y = X+Y Term:2} {Command:Set Y = Y+3 Term:2} {Command:Set Z = -1 Term:2}] LeaderCommit:1 Latency:264}
09:39:07.444085 AT NODE 0: Received AppendEntries from NODE 3; args: {Term:2 LeaderId:3 PrevLogIndex:1 PrevLogTerm:1 Entries:[{Command:Set X = X+10 Term:2} {Command:Set X = X+1 Term:2} {Command:Set Y = 5 Term:2} {Command:Set Y = X+Y Term:2} {Command:Set Y = Y+3 Term:2} {Command:Set Z = -1 Term:2}] LeaderCommit:1 Latency:91}
09:39:07.444085 AT NODE 0: Log is now: [{Set X = 5 1} {Set X = 1000 1} {Set X = X+10 2} {Set X = X+1 2} {Set Y = 5 2} {Set Y = X+Y 2} {Set Y = Y+3 2} {Set Z = -1 2}]
09:39:07.444085 AT NODE 0: Sending AppendEntries reply: {Term:2 Success:true}
09:39:07.444085 AT NODE 3: AppendEntries reply from NODE 0 success: nextIndex := map[0:8 1:2 2:2 4:2], matchIndex := map[0:7 1:-1 2:1 4:1]
09:39:07.620414 AT NODE 2: Received AppendEntries from NODE 3; args: {Term:2 LeaderId:3 PrevLogIndex:1 PrevLogTerm:1 Entries:[{Command:Set X = X+10 Term:2} {Command:Set X = X+1 Term:2} {Command:Set Y = 5 Term:2} {Command:Set Y = X+Y Term:2} {Command:Set Y = Y+3 Term:2} {Command:Set Z = -1 Term:2}] LeaderCommit:1 Latency:264}
09:39:07.620414 AT NODE 2: Log is now: [{Set X = 5 1} {Set X = 1000 1} {Set X = X+10 2} {Set X = X+1 2} {Set Y = 5 2} {Set Y = X+Y 2} {Set Y = Y+3 2} {Set Z = -1 2}]
09:39:07.620414 AT NODE 2: Sending AppendEntries reply: {Term:2 Success:true}
09:39:07.620414 AT NODE 3: AppendEntries reply from NODE 2 success: nextIndex := map[0:8 1:2 2:8 4:2], matchIndex := map[0:7 1:-1 2:7 4:1]
09:39:07.620414 AT NODE 3: leader sets commitIndex := 7
09:39:07.781396 AT NODE 4: Received AppendEntries from NODE 3; args: {Term:2 LeaderId:3 PrevLogIndex:1 PrevLogTerm:1 Entries:[{Command:Set X = X+10 Term:2} {Command:Set X = X+1 Term:2} {Command:Set Y = 5 Term:2} {Command:Set Y = X+Y Term:2} {Command:Set Y = Y+3 Term:2} {Command:Set Z = -1 Term:2}] LeaderCommit:1 Latency:424}
09:39:07.781396 AT NODE 4: Log is now: [{Set X = 5 1} {Set X = 1000 1} {Set X = X+10 2} {Set X = X+1 2} {Set Y = 5 2} {Set Y = X+Y 2} {Set Y = Y+3 2} {Set Z = -1 2}]
09:39:07.781396 AT NODE 4: Sending AppendEntries reply: {Term:2 Success:true}
09:39:07.782410 AT NODE 3: AppendEntries reply from NODE 4 success: nextIndex := map[0:8 1:2 2:8 4:8], matchIndex := map[0:7 1:-1 2:7 4:7]
09:39:08.340508 AT NODE 3: sending AppendEntries to 1: currentPeer_nextIndex=2, args={Term:2 LeaderId:3 PrevLogIndex:1 PrevLogTerm:1 Entries:[{Command:Set X = X+10 Term:2} {Command:Set X = X+1 Term:2} {Command:Set Y = 5 Term:2} {Command:Set Y = X+Y Term:2} {Command:Set Y = Y+3 Term:2} {Command:Set Z = -1 Term:2}] LeaderCommit:7 Latency:379}
09:39:09.335578 AT NODE 3: sending AppendEntries to 1: currentPeer_nextIndex=2, args={Term:2 LeaderId:3 PrevLogIndex:1 PrevLogTerm:1 Entries:[{Command:Set X = X+10 Term:2} {Command:Set X = X+1 Term:2} {Command:Set Y = 5 Term:2} {Command:Set Y = X+Y Term:2} {Command:Set Y = Y+3 Term:2} {Command:Set Z = -1 Term:2}] LeaderCommit:7 Latency:82}
09:39:09.598871 AT NODE 3: ReceiveClientCommand received by Leader: Set Z = 3
09:39:09.598871 AT NODE 3: Log=[{Set X = 5 1} {Set X = 1000 1} {Set X = X+10 2} {Set X = X+1 2} {Set Y = 5 2} {Set Y = X+Y 2} {Set Y = Y+3 2} {Set Z = -1 2} {Set Z = 3 2}]
09:39:10.342444 AT NODE 3: sending AppendEntries to 2: currentPeer_nextIndex=8, args={Term:2 LeaderId:3 PrevLogIndex:7 PrevLogTerm:2 Entries:[{Command:Set Z = 3 Term:2}] LeaderCommit:7 Latency:82}
09:39:10.342957 AT NODE 3: sending AppendEntries to 0: currentPeer_nextIndex=8, args={Term:2 LeaderId:3 PrevLogIndex:7 PrevLogTerm:2 Entries:[{Command:Set Z = 3 Term:2}] LeaderCommit:7 Latency:303}
09:39:10.342444 AT NODE 3: sending AppendEntries to 1: currentPeer_nextIndex=2, args={Term:2 LeaderId:3 PrevLogIndex:1 PrevLogTerm:1 Entries:[{Command:Set X = X+10 Term:2} {Command:Set X = X+1 Term:2} {Command:Set Y = 5 Term:2} {Command:Set Y = X+Y Term:2} {Command:Set Y = Y+3 Term:2} {Command:Set Z = -1 Term:2} {Command:Set Z = 3 Term:2}] LeaderCommit:7 Latency:141}
09:39:10.343463 AT NODE 3: sending AppendEntries to 4: currentPeer_nextIndex=8, args={Term:2 LeaderId:3 PrevLogIndex:7 PrevLogTerm:2 Entries:[{Command:Set Z = 3 Term:2}] LeaderCommit:7 Latency:494}
09:39:10.451470 AT NODE 2: Received AppendEntries from NODE 3; args: {Term:2 LeaderId:3 PrevLogIndex:7 PrevLogTerm:2 Entries:[{Command:Set Z = 3 Term:2}] LeaderCommit:7 Latency:82}
09:39:10.451470 AT NODE 2: Log is now: [{Set X = 5 1} {Set X = 1000 1} {Set X = X+10 2} {Set X = X+1 2} {Set Y = 5 2} {Set Y = X+Y 2} {Set Y = Y+3 2} {Set Z = -1 2} {Set Z = 3 2}]
09:39:10.452003 AT NODE 2: Sending AppendEntries reply: {Term:2 Success:true}
09:39:10.452537 AT NODE 3: AppendEntries reply from NODE 2 success: nextIndex := map[0:8 1:2 2:9 4:8], matchIndex := map[0:7 1:-1 2:8 4:7]
09:39:10.671061 AT NODE 0: Received AppendEntries from NODE 3; args: {Term:2 LeaderId:3 PrevLogIndex:7 PrevLogTerm:2 Entries:[{Command:Set Z = 3 Term:2}] LeaderCommit:7 Latency:303}
09:39:10.671571 AT NODE 0: Log is now: [{Set X = 5 1} {Set X = 1000 1} {Set X = X+10 2} {Set X = X+1 2} {Set Y = 5 2} {Set Y = X+Y 2} {Set Y = Y+3 2} {Set Z = -1 2} {Set Z = 3 2}]
09:39:10.671571 AT NODE 0: Sending AppendEntries reply: {Term:2 Success:true}
09:39:10.672129 AT NODE 3: AppendEntries reply from NODE 0 success: nextIndex := map[0:9 1:2 2:9 4:8], matchIndex := map[0:8 1:-1 2:8 4:7]
09:39:10.672129 AT NODE 3: leader sets commitIndex := 8
09:39:10.871763 AT NODE 4: Received AppendEntries from NODE 3; args: {Term:2 LeaderId:3 PrevLogIndex:7 PrevLogTerm:2 Entries:[{Command:Set Z = 3 Term:2}] LeaderCommit:7 Latency:494}
09:39:10.872174 AT NODE 4: Log is now: [{Set X = 5 1} {Set X = 1000 1} {Set X = X+10 2} {Set X = X+1 2} {Set Y = 5 2} {Set Y = X+Y 2} {Set Y = Y+3 2} {Set Z = -1 2} {Set Z = 3 2}]
09:39:10.872174 AT NODE 4: Sending AppendEntries reply: {Term:2 Success:true}
09:39:10.872174 AT NODE 3: AppendEntries reply from NODE 4 success: nextIndex := map[0:9 1:2 2:9 4:9], matchIndex := map[0:8 1:-1 2:8 4:8]
09:39:11.334830 AT NODE 3: sending AppendEntries to 1: currentPeer_nextIndex=2, args={Term:2 LeaderId:3 PrevLogIndex:1 PrevLogTerm:1 Entries:[{Command:Set X = X+10 Term:2} {Command:Set X = X+1 Term:2} {Command:Set Y = 5 Term:2} {Command:Set Y = X+Y Term:2} {Command:Set Y = Y+3 Term:2} {Command:Set Z = -1 Term:2} {Command:Set Z = 3 Term:2}] LeaderCommit:8 Latency:456}
09:39:12.334162 AT NODE 3: sending AppendEntries to 1: currentPeer_nextIndex=2, args={Term:2 LeaderId:3 PrevLogIndex:1 PrevLogTerm:1 Entries:[{Command:Set X = X+10 Term:2} {Command:Set X = X+1 Term:2} {Command:Set Y = 5 Term:2} {Command:Set Y = X+Y Term:2} {Command:Set Y = Y+3 Term:2} {Command:Set Z = -1 Term:2} {Command:Set Z = 3 Term:2}] LeaderCommit:8 Latency:202}
09:39:12.603406 [ACTION] Reconnecting 1
09:39:13.334843 AT NODE 3: sending AppendEntries to 1: currentPeer_nextIndex=2, args={Term:2 LeaderId:3 PrevLogIndex:1 PrevLogTerm:1 Entries:[{Command:Set X = X+10 Term:2} {Command:Set X = X+1 Term:2} {Command:Set Y = 5 Term:2} {Command:Set Y = X+Y Term:2} {Command:Set Y = Y+3 Term:2} {Command:Set Z = -1 Term:2} {Command:Set Z = 3 Term:2}] LeaderCommit:8 Latency:120}
09:39:13.477488 AT NODE 1: Received AppendEntries from NODE 3; args: {Term:2 LeaderId:3 PrevLogIndex:1 PrevLogTerm:1 Entries:[{Command:Set X = X+10 Term:2} {Command:Set X = X+1 Term:2} {Command:Set Y = 5 Term:2} {Command:Set Y = X+Y Term:2} {Command:Set Y = Y+3 Term:2} {Command:Set Z = -1 Term:2} {Command:Set Z = 3 Term:2}] LeaderCommit:8 Latency:120}
09:39:13.477488 AT NODE 1: became Follower with term=2; log=[{Set X = 5 1} {Set X = 1000 1} {Set X = X-5 1}]
09:39:13.477488 AT NODE 1: Log is now: [{Set X = 5 1} {Set X = 1000 1} {Set X = X+10 2} {Set X = X+1 2} {Set Y = 5 2} {Set Y = X+Y 2} {Set Y = Y+3 2} {Set Z = -1 2} {Set Z = 3 2}]
09:39:13.477488 AT NODE 1: Sending AppendEntries reply: {Term:2 Success:true}
09:39:13.477488 AT NODE 1: Election timer started: 4.219s, with term=2
09:39:13.477488 AT NODE 3: AppendEntries reply from NODE 1 success: nextIndex := map[0:9 1:9 2:9 4:9], matchIndex := map[0:8 1:8 2:8 4:8]
09:39:27.631275 AT NODE 0: KILLED
09:39:27.631369 AT NODE 0: applyCommitedLogEntries done
09:39:27.631369 AT NODE 1: KILLED
09:39:27.631919 AT NODE 1: applyCommitedLogEntries done
09:39:27.632155 AT NODE 2: KILLED
09:39:27.632155 AT NODE 2: applyCommitedLogEntries done
09:39:27.787051 AT NODE 3: KILLED
09:39:27.787051 AT NODE 3: applyCommitedLogEntries done
09:39:27.787051 AT NODE 4: KILLED
09:39:27.787606 AT NODE 4: applyCommitedLogEntries done
--- PASS: Test2 (31.85s)
PASS
ok  	RaftLogReplication	33.335s
